<?xml version="1.0" encoding="UTF-8"?>
<!-- Generated by org.testng.reporters.JUnitXMLReporter -->
<testsuite ignored="3" hostname="LAPTOP-31ESQKD1" failures="0" tests="1" name="Default test(failed)(failed)(failed)" time="0.094" errors="0" timestamp="2024-01-05T09:34:10 IST">
  <testcase classname="testng_failedtestcase.Failedtestcase" name="TC2" time="0.014"/>
  <testcase classname="testng_failedtestcase.Failedtestcase" name="TC4" time="0.0">
    <ignored/>
  </testcase> <!-- TC4 -->
  <testcase classname="testng_failedtestcase.Failedtestcase" name="TC3" time="0.0">
    <ignored/>
  </testcase> <!-- TC3 -->
  <testcase classname="testng_failedtestcase.Failedtestcase" name="TC1" time="0.0">
    <ignored/>
  </testcase> <!-- TC1 -->
</testsuite> <!-- Default test(failed)(failed)(failed) -->
