<?xml version="1.0" encoding="UTF-8"?>
<testng-results ignored="0" total="3" passed="3" failed="0" skipped="0">
  <reporter-output>
  </reporter-output>
  <suite started-at="2024-01-05T10:12:46 IST" name="Suite" finished-at="2024-01-05T10:13:09 IST" duration-ms="22592">
    <groups>
    </groups>
    <test started-at="2024-01-05T10:12:46 IST" name="Test2" finished-at="2024-01-05T10:12:58 IST" duration-ms="12375">
      <class name="serial_parallel_testng.flifcart">
        <test-method signature="flipkartTest()[pri:0, instance:serial_parallel_testng.flifcart@6f4a47c7]" started-at="2024-01-05T10:12:46 IST" name="flipkartTest" finished-at="2024-01-05T10:12:58 IST" duration-ms="12290" status="PASS">
          <reporter-output>
          </reporter-output>
        </test-method> <!-- flipkartTest -->
      </class> <!-- serial_parallel_testng.flifcart -->
    </test> <!-- Test2 -->
    <test started-at="2024-01-05T10:12:46 IST" name="Test1" finished-at="2024-01-05T10:13:00 IST" duration-ms="14163">
      <class name="serial_parallel_testng.amazon">
        <test-method signature="amazonTest()[pri:0, instance:serial_parallel_testng.amazon@20d525]" started-at="2024-01-05T10:12:46 IST" name="amazonTest" finished-at="2024-01-05T10:13:00 IST" duration-ms="14079" status="PASS">
          <reporter-output>
          </reporter-output>
        </test-method> <!-- amazonTest -->
      </class> <!-- serial_parallel_testng.amazon -->
    </test> <!-- Test1 -->
    <test started-at="2024-01-05T10:12:46 IST" name="Test" finished-at="2024-01-05T10:13:09 IST" duration-ms="22592">
      <class name="serial_parallel_testng.ajio">
        <test-method signature="ajiotest()[pri:0, instance:serial_parallel_testng.ajio@44c03695]" started-at="2024-01-05T10:12:46 IST" name="ajiotest" finished-at="2024-01-05T10:13:09 IST" duration-ms="22505" status="PASS">
          <reporter-output>
          </reporter-output>
        </test-method> <!-- ajiotest -->
      </class> <!-- serial_parallel_testng.ajio -->
    </test> <!-- Test -->
  </suite> <!-- Suite -->
</testng-results>
